<?xml version="1.0" encoding="UTF-8"?>
<testsuite name="railway.SectorTest" tests="9" skipped="0" failures="0" errors="0" timestamp="2020-05-18T23:06:51" hostname="LAPTOP-IDTQVOHN" time="0.006">
  <properties/>
  <testcase name="unlock()" classname="railway.SectorTest" time="0.0"/>
  <testcase name="isLocked()" classname="railway.SectorTest" time="0.0"/>
  <testcase name="hasSwitch()" classname="railway.SectorTest" time="0.0"/>
  <testcase name="isOccupied()" classname="railway.SectorTest" time="0.001"/>
  <testcase name="lock()" classname="railway.SectorTest" time="0.0"/>
  <testcase name="setLength()" classname="railway.SectorTest" time="0.001"/>
  <testcase name="getLength()" classname="railway.SectorTest" time="0.0"/>
  <testcase name="isLockedBy()" classname="railway.SectorTest" time="0.0"/>
  <testcase name="setHasSwitch()" classname="railway.SectorTest" time="0.0"/>
  <system-out><![CDATA[]]></system-out>
  <system-err><![CDATA[]]></system-err>
</testsuite>
