<?xml version="1.0" encoding="UTF-8"?>
<testsuite name="railway.SwitchTest" tests="3" skipped="0" failures="0" errors="0" timestamp="2020-05-18T23:06:51" hostname="LAPTOP-IDTQVOHN" time="0.001">
  <properties/>
  <testcase name="setPosition()" classname="railway.SwitchTest" time="0.0"/>
  <testcase name="getPosition()" classname="railway.SwitchTest" time="0.0"/>
  <testcase name="getSector()" classname="railway.SwitchTest" time="0.0"/>
  <system-out><![CDATA[]]></system-out>
  <system-err><![CDATA[]]></system-err>
</testsuite>
