<?xml version="1.0" encoding="UTF-8"?>
<testsuite name="railway.StationTest" tests="2" skipped="0" failures="0" errors="0" timestamp="2020-05-18T23:06:51" hostname="LAPTOP-IDTQVOHN" time="0.001">
  <properties/>
  <testcase name="getSignals()" classname="railway.StationTest" time="0.001"/>
  <testcase name="addSignal()" classname="railway.StationTest" time="0.0"/>
  <system-out><![CDATA[]]></system-out>
  <system-err><![CDATA[]]></system-err>
</testsuite>
