<?xml version="1.0" encoding="UTF-8"?>
<testsuite name="railway.LineTest" tests="4" skipped="0" failures="0" errors="0" timestamp="2020-05-18T23:06:42" hostname="LAPTOP-IDTQVOHN" time="0.003">
  <properties/>
  <testcase name="reachedNextStation()" classname="railway.LineTest" time="0.001"/>
  <testcase name="getNextStation()" classname="railway.LineTest" time="0.001"/>
  <testcase name="isAtLastStation()" classname="railway.LineTest" time="0.001"/>
  <testcase name="getCurrentStation()" classname="railway.LineTest" time="0.0"/>
  <system-out><![CDATA[]]></system-out>
  <system-err><![CDATA[]]></system-err>
</testsuite>
